[debug] > Exec(;set _root_.scala.collection.Seq(historyPath := None,shellPrompt := { _ => "" },SettingKey[_root_.scala.Option[_root_.sbt.File]]("sbtStructureOutputFile") in _root_.sbt.Global := _root_.scala.Some(_root_.sbt.file("/private/var/folders/k4/wqktbd5j29n0nqd1d63n31fc0000gn/T/sbt-structure.xml")),SettingKey[_root_.java.lang.String]("sbtStructureOptions") in _root_.sbt.Global := "download, resolveClassifiers");apply -cp "/Users/Ziad/Library/Application Support/JetBrains/IntelliJIdea2023.2/plugins/Scala/repo/org/jetbrains/scala/sbt-structure-extractor_2.12_1.0/2023.1.0/sbt-structure-extractor-2023.1.0.jar" org.jetbrains.sbt.CreateTasks;preferScala2;*/*:dumpStructure, Some(2bc38f79-ff18-4c30-8284-78877a847027), Some(CommandSource(console0)))
[debug] > Exec(set _root_.scala.collection.Seq(historyPath := None,shellPrompt := { _ => "" },SettingKey[_root_.scala.Option[_root_.sbt.File]]("sbtStructureOutputFile") in _root_.sbt.Global := _root_.scala.Some(_root_.sbt.file("/private/var/folders/k4/wqktbd5j29n0nqd1d63n31fc0000gn/T/sbt-structure.xml")),SettingKey[_root_.java.lang.String]("sbtStructureOptions") in _root_.sbt.Global := "download, resolveClassifiers"), None, Some(CommandSource(console0)))
[info] Defining Global / sbtStructureOptions, Global / sbtStructureOutputFile and 1 others.
[info] The new values will be used by cleanKeepGlobs
[info] 	Run `last` for details.
[debug] Defining 
[debug] 	Global / sbtStructureOptions
[debug] 	Global / sbtStructureOutputFile
[debug] 	history
[debug] 	shellPrompt
[debug] 
[debug] The new values will be used by 
[debug] 	cleanKeepGlobs
[info] Reapplying settings...
[info] set current project to spark_datamasking (in build file:/Users/Ziad/IdeaProjects/spark_datamasking/)
[debug] > Exec(apply -cp "/Users/Ziad/Library/Application Support/JetBrains/IntelliJIdea2023.2/plugins/Scala/repo/org/jetbrains/scala/sbt-structure-extractor_2.12_1.0/2023.1.0/sbt-structure-extractor-2023.1.0.jar" org.jetbrains.sbt.CreateTasks, None, Some(CommandSource(console0)))
[info] Applying State transformations org.jetbrains.sbt.CreateTasks from /Users/Ziad/Library/Application Support/JetBrains/IntelliJIdea2023.2/plugins/Scala/repo/org/jetbrains/scala/sbt-structure-extractor_2.12_1.0/2023.1.0/sbt-structure-extractor-2023.1.0.jar
[info] Reapplying settings...
[info] set current project to spark_datamasking (in build file:/Users/Ziad/IdeaProjects/spark_datamasking/)
[debug] > Exec(preferScala2, None, Some(CommandSource(console0)))
[debug] > Exec(*/*:dumpStructure, None, Some(CommandSource(console0)))
[debug] Evaluating tasks: Global / dumpStructure
[warn] sbt 0.13 shell syntax is deprecated; use slash syntax instead: Global / dumpStructure
[debug] Running task... Cancel: Signal, check cycles: false, forcegc: true
[info] shutting down sbt server
